<?xml version="1.0" encoding="UTF-8"?>
<testng-results skipped="0" failed="1" ignored="1" total="23" passed="21">
  <reporter-output>
  </reporter-output>
  <suite name="Suite" duration-ms="134448" started-at="2021-03-06T14:31:46Z" finished-at="2021-03-06T14:34:01Z">
    <groups>
    </groups>
    <test name="Test" duration-ms="134448" started-at="2021-03-06T14:31:46Z" finished-at="2021-03-06T14:34:01Z">
      <class name="ApiAutomation.RestAssuredProject.TC0007_CREATE">
        <test-method status="PASS" signature="create_User()[pri:0, instance:ApiAutomation.RestAssuredProject.TC0007_CREATE@7b49cea0]" name="create_User" duration-ms="2001" started-at="2021-03-06T14:33:17Z" finished-at="2021-03-06T14:33:19Z">
          <reporter-output>
          </reporter-output>
        </test-method> <!-- create_User -->
        <test-method status="PASS" signature="validate_ResposeBodywith_Id()[pri:0, instance:ApiAutomation.RestAssuredProject.TC0007_CREATE@7b49cea0]" name="validate_ResposeBodywith_Id" duration-ms="5" started-at="2021-03-06T14:33:19Z" finished-at="2021-03-06T14:33:19Z">
          <reporter-output>
          </reporter-output>
        </test-method> <!-- validate_ResposeBodywith_Id -->
        <test-method status="PASS" signature="validate_respCode()[pri:0, instance:ApiAutomation.RestAssuredProject.TC0007_CREATE@7b49cea0]" name="validate_respCode" duration-ms="4" started-at="2021-03-06T14:33:19Z" finished-at="2021-03-06T14:33:19Z">
          <reporter-output>
          </reporter-output>
        </test-method> <!-- validate_respCode -->
        <test-method status="PASS" signature="validated_responseBody_Name()[pri:0, instance:ApiAutomation.RestAssuredProject.TC0007_CREATE@7b49cea0]" name="validated_responseBody_Name" duration-ms="65" started-at="2021-03-06T14:33:19Z" finished-at="2021-03-06T14:33:19Z">
          <reporter-output>
          </reporter-output>
        </test-method> <!-- validated_responseBody_Name -->
      </class> <!-- ApiAutomation.RestAssuredProject.TC0007_CREATE -->
      <class name="ApiAutomation.RestAssuredProject.TC0006_ListOfResource">
        <test-method status="PASS" signature="getListOf_Resource()[pri:0, instance:ApiAutomation.RestAssuredProject.TC0006_ListOfResource@67b92f0a]" name="getListOf_Resource" duration-ms="16449" started-at="2021-03-06T14:33:19Z" finished-at="2021-03-06T14:33:36Z">
          <reporter-output>
          </reporter-output>
        </test-method> <!-- getListOf_Resource -->
        <test-method status="PASS" signature="getListOf_Resource_Negative()[pri:0, instance:ApiAutomation.RestAssuredProject.TC0006_ListOfResource@67b92f0a]" name="getListOf_Resource_Negative" duration-ms="1738" started-at="2021-03-06T14:33:36Z" finished-at="2021-03-06T14:33:37Z">
          <reporter-output>
          </reporter-output>
        </test-method> <!-- getListOf_Resource_Negative -->
      </class> <!-- ApiAutomation.RestAssuredProject.TC0006_ListOfResource -->
      <class name="ApiAutomation.RestAssuredProject.Tc0004">
        <test-method status="PASS" signature="getSingleUser()[pri:0, instance:ApiAutomation.RestAssuredProject.Tc0004@3a5ed7a6]" name="getSingleUser" duration-ms="20254" started-at="2021-03-06T14:32:39Z" finished-at="2021-03-06T14:33:00Z">
          <reporter-output>
          </reporter-output>
        </test-method> <!-- getSingleUser -->
      </class> <!-- ApiAutomation.RestAssuredProject.Tc0004 -->
      <class name="ApiAutomation.RestAssuredProject.TC00010Delay_User">
        <test-method status="PASS" signature="delay_User()[pri:0, instance:ApiAutomation.RestAssuredProject.TC00010Delay_User@887af79]" name="delay_User" duration-ms="5045" started-at="2021-03-06T14:33:37Z" finished-at="2021-03-06T14:33:42Z">
          <reporter-output>
          </reporter-output>
        </test-method> <!-- delay_User -->
        <test-method status="PASS" signature="validate_statuc_Line()[pri:0, instance:ApiAutomation.RestAssuredProject.TC00010Delay_User@887af79]" name="validate_statuc_Line" duration-ms="5" started-at="2021-03-06T14:33:42Z" finished-at="2021-03-06T14:33:42Z">
          <reporter-output>
          </reporter-output>
        </test-method> <!-- validate_statuc_Line -->
        <test-method status="PASS" signature="validate_statusCode()[pri:0, instance:ApiAutomation.RestAssuredProject.TC00010Delay_User@887af79]" name="validate_statusCode" duration-ms="5" started-at="2021-03-06T14:33:42Z" finished-at="2021-03-06T14:33:42Z">
          <reporter-output>
          </reporter-output>
        </test-method> <!-- validate_statusCode -->
      </class> <!-- ApiAutomation.RestAssuredProject.TC00010Delay_User -->
      <class name="ApiAutomation.RestAssuredProject.TC0009RegisterUser">
        <test-method status="PASS" signature="registerUser()[pri:0, instance:ApiAutomation.RestAssuredProject.TC0009RegisterUser@7fac631b]" name="registerUser" duration-ms="2941" started-at="2021-03-06T14:33:47Z" finished-at="2021-03-06T14:33:50Z">
          <reporter-output>
          </reporter-output>
        </test-method> <!-- registerUser -->
      </class> <!-- ApiAutomation.RestAssuredProject.TC0009RegisterUser -->
      <class name="common.listners.OrangeHrm">
        <test-method status="PASS" signature="setup()[pri:0, instance:common.listners.OrangeHrm@7791a895]" name="setup" is-config="true" duration-ms="53141" started-at="2021-03-06T14:31:46Z" finished-at="2021-03-06T14:32:39Z">
          <reporter-output>
          </reporter-output>
        </test-method> <!-- setup -->
        <test-method status="FAIL" signature="Test1()[pri:0, instance:common.listners.OrangeHrm@7791a895]" name="Test1" duration-ms="2926" started-at="2021-03-06T14:33:54Z" finished-at="2021-03-06T14:33:57Z">
          <exception class="org.openqa.selenium.NoSuchElementException">
            <message>
              <![CDATA[no such element: Unable to locate element: {"method":"css selector","selector":"#btnLogin1"}
  (Session info: chrome=88.0.4324.190)
For documentation on this error, please visit: https://www.seleniumhq.org/exceptions/no_such_element.html
Build info: version: '3.141.59', revision: 'e82be7d358', time: '2018-11-14T08:17:03'
System info: host: 'VAIBHAV', ip: '192.168.43.235', os.name: 'Windows 8.1', os.arch: 'amd64', os.version: '6.3', java.version: '1.8.0_121'
Driver info: org.openqa.selenium.chrome.ChromeDriver
Capabilities {acceptInsecureCerts: false, browserName: chrome, browserVersion: 88.0.4324.190, chrome: {chromedriverVersion: 87.0.4280.88 (89e2380a3e36c..., userDataDir: C:\Users\qq\AppData\Local\T...}, goog:chromeOptions: {debuggerAddress: localhost:64625}, javascriptEnabled: true, networkConnectionEnabled: false, pageLoadStrategy: normal, platform: WINDOWS, platformName: WINDOWS, proxy: Proxy(), setWindowRect: true, strictFileInteractability: false, timeouts: {implicit: 0, pageLoad: 300000, script: 30000}, unhandledPromptBehavior: dismiss and notify, webauthn:virtualAuthenticators: true}
Session ID: 7d44f40599d9c5f9355719f076d24db2
*** Element info: {Using=id, value=btnLogin1}]]>
            </message>
            <full-stacktrace>
              <![CDATA[org.openqa.selenium.NoSuchElementException: no such element: Unable to locate element: {"method":"css selector","selector":"#btnLogin1"}
  (Session info: chrome=88.0.4324.190)
For documentation on this error, please visit: https://www.seleniumhq.org/exceptions/no_such_element.html
Build info: version: '3.141.59', revision: 'e82be7d358', time: '2018-11-14T08:17:03'
System info: host: 'VAIBHAV', ip: '192.168.43.235', os.name: 'Windows 8.1', os.arch: 'amd64', os.version: '6.3', java.version: '1.8.0_121'
Driver info: org.openqa.selenium.chrome.ChromeDriver
Capabilities {acceptInsecureCerts: false, browserName: chrome, browserVersion: 88.0.4324.190, chrome: {chromedriverVersion: 87.0.4280.88 (89e2380a3e36c..., userDataDir: C:\Users\qq\AppData\Local\T...}, goog:chromeOptions: {debuggerAddress: localhost:64625}, javascriptEnabled: true, networkConnectionEnabled: false, pageLoadStrategy: normal, platform: WINDOWS, platformName: WINDOWS, proxy: Proxy(), setWindowRect: true, strictFileInteractability: false, timeouts: {implicit: 0, pageLoad: 300000, script: 30000}, unhandledPromptBehavior: dismiss and notify, webauthn:virtualAuthenticators: true}
Session ID: 7d44f40599d9c5f9355719f076d24db2
*** Element info: {Using=id, value=btnLogin1}
at sun.reflect.NativeConstructorAccessorImpl.newInstance0(Native Method)
at sun.reflect.NativeConstructorAccessorImpl.newInstance(NativeConstructorAccessorImpl.java:62)
at sun.reflect.DelegatingConstructorAccessorImpl.newInstance(DelegatingConstructorAccessorImpl.java:45)
at java.lang.reflect.Constructor.newInstance(Constructor.java:423)
at org.openqa.selenium.remote.http.W3CHttpResponseCodec.createException(W3CHttpResponseCodec.java:187)
at org.openqa.selenium.remote.http.W3CHttpResponseCodec.decode(W3CHttpResponseCodec.java:122)
at org.openqa.selenium.remote.http.W3CHttpResponseCodec.decode(W3CHttpResponseCodec.java:49)
at org.openqa.selenium.remote.HttpCommandExecutor.execute(HttpCommandExecutor.java:158)
at org.openqa.selenium.remote.service.DriverCommandExecutor.execute(DriverCommandExecutor.java:83)
at org.openqa.selenium.remote.RemoteWebDriver.execute(RemoteWebDriver.java:552)
at org.openqa.selenium.remote.RemoteWebDriver.findElement(RemoteWebDriver.java:323)
at org.openqa.selenium.remote.RemoteWebDriver.findElementById(RemoteWebDriver.java:372)
at org.openqa.selenium.By$ById.findElement(By.java:188)
at org.openqa.selenium.remote.RemoteWebDriver.findElement(RemoteWebDriver.java:315)
at common.listners.OrangeHrm.Test1(OrangeHrm.java:45)
at sun.reflect.NativeMethodAccessorImpl.invoke0(Native Method)
at sun.reflect.NativeMethodAccessorImpl.invoke(NativeMethodAccessorImpl.java:62)
at sun.reflect.DelegatingMethodAccessorImpl.invoke(DelegatingMethodAccessorImpl.java:43)
at java.lang.reflect.Method.invoke(Method.java:498)
at org.testng.internal.MethodInvocationHelper.invokeMethod(MethodInvocationHelper.java:124)
at org.testng.internal.Invoker.invokeMethod(Invoker.java:580)
at org.testng.internal.Invoker.invokeTestMethod(Invoker.java:716)
at org.testng.internal.Invoker.invokeTestMethods(Invoker.java:988)
at org.testng.internal.TestMethodWorker.invokeTestMethods(TestMethodWorker.java:125)
at org.testng.internal.TestMethodWorker.run(TestMethodWorker.java:109)
at org.testng.TestRunner.privateRun(TestRunner.java:648)
at org.testng.TestRunner.run(TestRunner.java:505)
at org.testng.SuiteRunner.runTest(SuiteRunner.java:455)
at org.testng.SuiteRunner.runSequentially(SuiteRunner.java:450)
at org.testng.SuiteRunner.privateRun(SuiteRunner.java:415)
at org.testng.SuiteRunner.run(SuiteRunner.java:364)
at org.testng.SuiteRunnerWorker.runSuite(SuiteRunnerWorker.java:52)
at org.testng.SuiteRunnerWorker.run(SuiteRunnerWorker.java:84)
at org.testng.TestNG.runSuitesSequentially(TestNG.java:1208)
at org.testng.TestNG.runSuitesLocally(TestNG.java:1137)
at org.testng.TestNG.runSuites(TestNG.java:1049)
at org.testng.TestNG.run(TestNG.java:1017)
at org.testng.remote.AbstractRemoteTestNG.run(AbstractRemoteTestNG.java:114)
at org.testng.remote.RemoteTestNG.initAndRun(RemoteTestNG.java:251)
at org.testng.remote.RemoteTestNG.main(RemoteTestNG.java:77)
]]>
            </full-stacktrace>
          </exception> <!-- org.openqa.selenium.NoSuchElementException -->
          <reporter-output>
          </reporter-output>
        </test-method> <!-- Test1 -->
        <test-method status="PASS" signature="tearDown()[pri:0, instance:common.listners.OrangeHrm@7791a895]" name="tearDown" is-config="true" duration-ms="1920" started-at="2021-03-06T14:33:59Z" finished-at="2021-03-06T14:34:01Z">
          <reporter-output>
          </reporter-output>
        </test-method> <!-- tearDown -->
      </class> <!-- common.listners.OrangeHrm -->
      <class name="ApiAutomation.RestAssuredProject.TC0008Delete_Resource">
        <test-method status="PASS" signature="delete_Resource()[pri:0, instance:ApiAutomation.RestAssuredProject.TC0008Delete_Resource@2b9627bc]" name="delete_Resource" duration-ms="4850" started-at="2021-03-06T14:33:42Z" finished-at="2021-03-06T14:33:47Z">
          <reporter-output>
          </reporter-output>
        </test-method> <!-- delete_Resource -->
        <test-method status="PASS" signature="validate_status_Code()[pri:0, instance:ApiAutomation.RestAssuredProject.TC0008Delete_Resource@2b9627bc]" name="validate_status_Code" duration-ms="0" started-at="2021-03-06T14:33:47Z" finished-at="2021-03-06T14:33:47Z">
          <reporter-output>
          </reporter-output>
        </test-method> <!-- validate_status_Code -->
      </class> <!-- ApiAutomation.RestAssuredProject.TC0008Delete_Resource -->
      <class name="ApiAutomation.RestAssuredProject.TC0008_PUT_Opeartion">
        <test-method status="PASS" signature="update_Operation()[pri:0, instance:ApiAutomation.RestAssuredProject.TC0008_PUT_Opeartion@1d16f93d]" name="update_Operation" duration-ms="7108" started-at="2021-03-06T14:33:10Z" finished-at="2021-03-06T14:33:17Z">
          <reporter-output>
          </reporter-output>
        </test-method> <!-- update_Operation -->
        <test-method status="PASS" signature="validate_Code()[pri:0, instance:ApiAutomation.RestAssuredProject.TC0008_PUT_Opeartion@1d16f93d]" name="validate_Code" duration-ms="0" started-at="2021-03-06T14:33:17Z" finished-at="2021-03-06T14:33:17Z">
          <reporter-output>
          </reporter-output>
        </test-method> <!-- validate_Code -->
      </class> <!-- ApiAutomation.RestAssuredProject.TC0008_PUT_Opeartion -->
      <class name="ApiAutomation.RestAssuredProject.TC0003">
        <test-method status="PASS" signature="getListOfEmployee()[pri:0, instance:ApiAutomation.RestAssuredProject.TC0003@65e2dbf3]" name="getListOfEmployee" duration-ms="3810" started-at="2021-03-06T14:33:50Z" finished-at="2021-03-06T14:33:54Z">
          <reporter-output>
          </reporter-output>
        </test-method> <!-- getListOfEmployee -->
      </class> <!-- ApiAutomation.RestAssuredProject.TC0003 -->
      <class name="ApiAutomation.RestAssuredProject.Tc0005_SingleUserNotFound">
        <test-method status="PASS" signature="SingleUserNotFound()[pri:0, instance:ApiAutomation.RestAssuredProject.Tc0005_SingleUserNotFound@61f8bee4]" name="SingleUserNotFound" duration-ms="5349" started-at="2021-03-06T14:33:05Z" finished-at="2021-03-06T14:33:10Z">
          <reporter-output>
          </reporter-output>
        </test-method> <!-- SingleUserNotFound -->
      </class> <!-- ApiAutomation.RestAssuredProject.Tc0005_SingleUserNotFound -->
      <class name="ApiAutomation.RestAssuredProject.TC000011Login">
        <test-method status="PASS" signature="login()[pri:0, instance:ApiAutomation.RestAssuredProject.TC000011Login@4f970963]" name="login" duration-ms="1402" started-at="2021-03-06T14:33:00Z" finished-at="2021-03-06T14:33:01Z">
          <reporter-output>
          </reporter-output>
        </test-method> <!-- login -->
      </class> <!-- ApiAutomation.RestAssuredProject.TC000011Login -->
      <class name="ApiAutomation.RestAssuredProject.TC0001">
        <test-method status="PASS" signature="getWeatherDeatils()[pri:0, instance:ApiAutomation.RestAssuredProject.TC0001@6325a3ee]" name="getWeatherDeatils" duration-ms="3507" started-at="2021-03-06T14:33:01Z" finished-at="2021-03-06T14:33:05Z">
          <reporter-output>
          </reporter-output>
        </test-method> <!-- getWeatherDeatils -->
        <test-method status="PASS" signature="validateStatusCode()[pri:0, instance:ApiAutomation.RestAssuredProject.TC0001@6325a3ee]" name="validateStatusCode" duration-ms="5" started-at="2021-03-06T14:33:05Z" finished-at="2021-03-06T14:33:05Z">
          <reporter-output>
          </reporter-output>
        </test-method> <!-- validateStatusCode -->
        <test-method status="PASS" signature="validateStatusLine()[pri:0, instance:ApiAutomation.RestAssuredProject.TC0001@6325a3ee]" name="validateStatusLine" duration-ms="10" started-at="2021-03-06T14:33:05Z" finished-at="2021-03-06T14:33:05Z">
          <reporter-output>
          </reporter-output>
        </test-method> <!-- validateStatusLine -->
      </class> <!-- ApiAutomation.RestAssuredProject.TC0001 -->
    </test> <!-- Test -->
  </suite> <!-- Suite -->
</testng-results>
